# JRE version: OpenJDK Runtime Environment Microsoft-8035246 (17.0.8+7) (build 17.0.8+7-LTS)
# Java VM: OpenJDK 64-Bit Server VM Microsoft-8035246 (17.0.8+7-LTS, mixed mode, sharing, tiered, compressed oops, compressed class ptrs, g1 gc, windows-amd64)
GC Precious Log:
 CPUs: 4 total, 4 available
 Memory: 16070M
 Large Page Support: Disabled
 NUMA Support: Disabled
 Compressed Oops: Enabled (32-bit)
 Heap Region Size: 1M
 Heap Min Capacity: 8M
 Heap Initial Capacity: 252M
 Heap Max Capacity: 2G
 Pre-touch: Disabled
 Parallel Workers: 4
 Concurrent Workers: 1
 Concurrent Refinement Workers: 4
 Periodic GC: Disabled
Heap:
 garbage-first heap   total 448512K, used 189016K [0x0000000080000000, 0x0000000100000000)
  region size 1024K, 71 young (72704K), 6 survivors (6144K)
 Metaspace       used 108183K, committed 109248K, reserved 557056K
  class space    used 15053K, committed 15552K, reserved 425984K
GC Heap History (20 events):
Event: 22.044 GC heap before
{Heap before GC invocations=37 (full 0):
 garbage-first heap   total 214016K, used 108156K [0x0000000080000000, 0x0000000100000000)
  region size 1024K, 12 young (12288K), 5 survivors (5120K)
 Metaspace       used 83193K, committed 84096K, reserved 557056K
  class space    used 11493K, committed 11968K, reserved 425984K
}
Event: 22.052 GC heap after
{Heap after GC invocations=38 (full 0):
 garbage-first heap   total 214016K, used 98797K [0x0000000080000000, 0x0000000100000000)
  region size 1024K, 4 young (4096K), 4 survivors (4096K)
 Metaspace       used 83193K, committed 84096K, reserved 557056K
  class space    used 11493K, committed 11968K, reserved 425984K
}
Event: 22.794 GC heap before
{Heap before GC invocations=38 (full 0):
 garbage-first heap   total 214016K, used 153069K [0x0000000080000000, 0x0000000100000000)
  region size 1024K, 56 young (57344K), 4 survivors (4096K)
 Metaspace       used 86915K, committed 87872K, reserved 557056K
  class space    used 11987K, committed 12416K, reserved 425984K
}
Event: 22.800 GC heap after
{Heap after GC invocations=39 (full 0):
 garbage-first heap   total 214016K, used 102604K [0x0000000080000000, 0x0000000100000000)
  region size 1024K, 6 young (6144K), 6 survivors (6144K)
 Metaspace       used 86915K, committed 87872K, reserved 557056K
  class space    used 11987K, committed 12416K, reserved 425984K
}
Event: 22.816 GC heap before
{Heap before GC invocations=39 (full 0):
 garbage-first heap   total 214016K, used 102604K [0x0000000080000000, 0x0000000100000000)
  region size 1024K, 7 young (7168K), 6 survivors (6144K)
 Metaspace       used 86977K, committed 87872K, reserved 557056K
  class space    used 12000K, committed 12416K, reserved 425984K
}
Event: 22.822 GC heap after
{Heap after GC invocations=40 (full 0):
 garbage-first heap   total 214016K, used 103023K [0x0000000080000000, 0x0000000100000000)
  region size 1024K, 4 young (4096K), 4 survivors (4096K)
 Metaspace       used 86977K, committed 87872K, reserved 557056K
  class space    used 12000K, committed 12416K, reserved 425984K
}
Event: 23.595 GC heap before
{Heap before GC invocations=41 (full 0):
 garbage-first heap   total 214016K, used 164463K [0x0000000080000000, 0x0000000100000000)
  region size 1024K, 62 young (63488K), 4 survivors (4096K)
 Metaspace       used 90478K, committed 91392K, reserved 557056K
  class space    used 12508K, committed 12928K, reserved 425984K
}
Event: 23.603 GC heap after
{Heap after GC invocations=42 (full 0):
 garbage-first heap   total 214016K, used 107725K [0x0000000080000000, 0x0000000100000000)
  region size 1024K, 7 young (7168K), 7 survivors (7168K)
 Metaspace       used 90478K, committed 91392K, reserved 557056K
  class space    used 12508K, committed 12928K, reserved 425984K
}
Event: 24.338 GC heap before
{Heap before GC invocations=42 (full 0):
 garbage-first heap   total 214016K, used 165069K [0x0000000080000000, 0x0000000100000000)
  region size 1024K, 64 young (65536K), 7 survivors (7168K)
 Metaspace       used 92884K, committed 93824K, reserved 557056K
  class space    used 12840K, committed 13312K, reserved 425984K
}
Event: 24.350 GC heap after
{Heap after GC invocations=43 (full 0):
 garbage-first heap   total 214016K, used 111281K [0x0000000080000000, 0x0000000100000000)
  region size 1024K, 7 young (7168K), 7 survivors (7168K)
 Metaspace       used 92884K, committed 93824K, reserved 557056K
  class space    used 12840K, committed 13312K, reserved 425984K
}
Event: 25.217 GC heap before
{Heap before GC invocations=44 (full 0):
 garbage-first heap   total 214016K, used 171697K [0x0000000080000000, 0x0000000100000000)
  region size 1024K, 65 young (66560K), 7 survivors (7168K)
 Metaspace       used 97128K, committed 98048K, reserved 557056K
  class space    used 13591K, committed 14016K, reserved 425984K
}
Event: 25.228 GC heap after
{Heap after GC invocations=45 (full 0):
 garbage-first heap   total 214016K, used 113246K [0x0000000080000000, 0x0000000100000000)
  region size 1024K, 6 young (6144K), 6 survivors (6144K)
 Metaspace       used 97128K, committed 98048K, reserved 557056K
  class space    used 13591K, committed 14016K, reserved 425984K
}
Event: 26.400 GC heap before
{Heap before GC invocations=45 (full 0):
 garbage-first heap   total 214016K, used 173662K [0x0000000080000000, 0x0000000100000000)
  region size 1024K, 65 young (66560K), 6 survivors (6144K)
 Metaspace       used 100893K, committed 101888K, reserved 557056K
  class space    used 14078K, committed 14528K, reserved 425984K
}
Event: 26.412 GC heap after
{Heap after GC invocations=46 (full 0):
 garbage-first heap   total 214016K, used 116378K [0x0000000080000000, 0x0000000100000000)
  region size 1024K, 6 young (6144K), 6 survivors (6144K)
 Metaspace       used 100893K, committed 101888K, reserved 557056K
  class space    used 14078K, committed 14528K, reserved 425984K
}
Event: 27.579 GC heap before
{Heap before GC invocations=47 (full 0):
 garbage-first heap   total 217088K, used 173722K [0x0000000080000000, 0x0000000100000000)
  region size 1024K, 62 young (63488K), 6 survivors (6144K)
 Metaspace       used 105819K, committed 106816K, reserved 557056K
  class space    used 14759K, committed 15232K, reserved 425984K
}
Event: 27.591 GC heap after
{Heap after GC invocations=48 (full 0):
 garbage-first heap   total 217088K, used 119209K [0x0000000080000000, 0x0000000100000000)
  region size 1024K, 6 young (6144K), 6 survivors (6144K)
 Metaspace       used 105819K, committed 106816K, reserved 557056K
  class space    used 14759K, committed 15232K, reserved 425984K
}
Event: 27.659 GC heap before
{Heap before GC invocations=48 (full 0):
 garbage-first heap   total 217088K, used 123305K [0x0000000080000000, 0x0000000100000000)
  region size 1024K, 10 young (10240K), 6 survivors (6144K)
 Metaspace       used 106138K, committed 107072K, reserved 557056K
  class space    used 14802K, committed 15232K, reserved 425984K
}
Event: 27.669 GC heap after
{Heap after GC invocations=49 (full 0):
 garbage-first heap   total 217088K, used 119519K [0x0000000080000000, 0x0000000100000000)
  region size 1024K, 1 young (1024K), 1 survivors (1024K)
 Metaspace       used 106138K, committed 107072K, reserved 557056K
  class space    used 14802K, committed 15232K, reserved 425984K
}
Event: 28.681 GC heap before
{Heap before GC invocations=49 (full 0):
 garbage-first heap   total 217088K, used 178911K [0x0000000080000000, 0x0000000100000000)
  region size 1024K, 59 young (60416K), 1 survivors (1024K)
 Metaspace       used 108158K, committed 109248K, reserved 557056K
  class space    used 15050K, committed 15552K, reserved 425984K
}
Event: 28.696 GC heap after
{Heap after GC invocations=50 (full 0):
 garbage-first heap   total 448512K, used 124504K [0x0000000080000000, 0x0000000100000000)
  region size 1024K, 6 young (6144K), 6 survivors (6144K)
 Metaspace       used 108158K, committed 109248K, reserved 557056K
  class space    used 15050K, committed 15552K, reserved 425984K
}

