# JRE version: OpenJDK Runtime Environment Microsoft-8035246 (17.0.8+7) (build 17.0.8+7-LTS)
# Java VM: OpenJDK 64-Bit Server VM Microsoft-8035246 (17.0.8+7-LTS, mixed mode, sharing, tiered, compressed oops, compressed class ptrs, g1 gc, windows-amd64)
GC Precious Log:
 CPUs: 4 total, 4 available
 Memory: 16070M
 Large Page Support: Disabled
 NUMA Support: Disabled
 Compressed Oops: Enabled (32-bit)
 Heap Region Size: 1M
 Heap Min Capacity: 8M
 Heap Initial Capacity: 252M
 Heap Max Capacity: 2G
 Pre-touch: Disabled
 Parallel Workers: 4
 Concurrent Workers: 1
 Concurrent Refinement Workers: 4
 Periodic GC: Disabled
Heap:
 garbage-first heap   total 233472K, used 128975K [0x0000000080000000, 0x0000000100000000)
  region size 1024K, 15 young (15360K), 5 survivors (5120K)
 Metaspace       used 100783K, committed 101760K, reserved 557056K
  class space    used 14054K, committed 14528K, reserved 425984K
GC Heap History (20 events):
Event: 22.861 GC heap before
{Heap before GC invocations=35 (full 0):
 garbage-first heap   total 233472K, used 113766K [0x0000000080000000, 0x0000000100000000)
  region size 1024K, 15 young (15360K), 1 survivors (1024K)
 Metaspace       used 83233K, committed 84160K, reserved 557056K
  class space    used 11504K, committed 11968K, reserved 425984K
}
Event: 22.864 GC heap after
{Heap after GC invocations=36 (full 0):
 garbage-first heap   total 233472K, used 101936K [0x0000000080000000, 0x0000000100000000)
  region size 1024K, 2 young (2048K), 2 survivors (2048K)
 Metaspace       used 83233K, committed 84160K, reserved 557056K
  class space    used 11504K, committed 11968K, reserved 425984K
}
Event: 23.943 GC heap before
{Heap before GC invocations=37 (full 0):
 garbage-first heap   total 233472K, used 168496K [0x0000000080000000, 0x0000000100000000)
  region size 1024K, 62 young (63488K), 2 survivors (2048K)
 Metaspace       used 86414K, committed 87296K, reserved 557056K
  class space    used 11932K, committed 12352K, reserved 425984K
}
Event: 23.952 GC heap after
{Heap after GC invocations=38 (full 0):
 garbage-first heap   total 233472K, used 107233K [0x0000000080000000, 0x0000000100000000)
  region size 1024K, 7 young (7168K), 7 survivors (7168K)
 Metaspace       used 86414K, committed 87296K, reserved 557056K
  class space    used 11932K, committed 12352K, reserved 425984K
}
Event: 24.066 GC heap before
{Heap before GC invocations=38 (full 0):
 garbage-first heap   total 233472K, used 111329K [0x0000000080000000, 0x0000000100000000)
  region size 1024K, 11 young (11264K), 7 survivors (7168K)
 Metaspace       used 86700K, committed 87616K, reserved 557056K
  class space    used 11957K, committed 12416K, reserved 425984K
}
Event: 24.074 GC heap after
{Heap after GC invocations=39 (full 0):
 garbage-first heap   total 233472K, used 106876K [0x0000000080000000, 0x0000000100000000)
  region size 1024K, 1 young (1024K), 1 survivors (1024K)
 Metaspace       used 86700K, committed 87616K, reserved 557056K
  class space    used 11957K, committed 12416K, reserved 425984K
}
Event: 24.156 GC heap before
{Heap before GC invocations=39 (full 0):
 garbage-first heap   total 233472K, used 110972K [0x0000000080000000, 0x0000000100000000)
  region size 1024K, 6 young (6144K), 1 survivors (1024K)
 Metaspace       used 86947K, committed 87872K, reserved 557056K
  class space    used 12012K, committed 12480K, reserved 425984K
}
Event: 24.158 GC heap after
{Heap after GC invocations=40 (full 0):
 garbage-first heap   total 233472K, used 106509K [0x0000000080000000, 0x0000000100000000)
  region size 1024K, 1 young (1024K), 1 survivors (1024K)
 Metaspace       used 86947K, committed 87872K, reserved 557056K
  class space    used 12012K, committed 12480K, reserved 425984K
}
Event: 25.194 GC heap before
{Heap before GC invocations=41 (full 0):
 garbage-first heap   total 233472K, used 175117K [0x0000000080000000, 0x0000000100000000)
  region size 1024K, 66 young (67584K), 1 survivors (1024K)
 Metaspace       used 90502K, committed 91456K, reserved 557056K
  class space    used 12524K, committed 12992K, reserved 425984K
}
Event: 25.202 GC heap after
{Heap after GC invocations=42 (full 0):
 garbage-first heap   total 233472K, used 111455K [0x0000000080000000, 0x0000000100000000)
  region size 1024K, 4 young (4096K), 4 survivors (4096K)
 Metaspace       used 90502K, committed 91456K, reserved 557056K
  class space    used 12524K, committed 12992K, reserved 425984K
}
Event: 25.275 GC heap before
{Heap before GC invocations=42 (full 0):
 garbage-first heap   total 233472K, used 118623K [0x0000000080000000, 0x0000000100000000)
  region size 1024K, 11 young (11264K), 4 survivors (4096K)
 Metaspace       used 90504K, committed 91456K, reserved 557056K
  class space    used 12525K, committed 12992K, reserved 425984K
}
Event: 25.283 GC heap after
{Heap after GC invocations=43 (full 0):
 garbage-first heap   total 233472K, used 111181K [0x0000000080000000, 0x0000000100000000)
  region size 1024K, 1 young (1024K), 1 survivors (1024K)
 Metaspace       used 90504K, committed 91456K, reserved 557056K
  class space    used 12525K, committed 12992K, reserved 425984K
}
Event: 26.036 GC heap before
{Heap before GC invocations=43 (full 0):
 garbage-first heap   total 233472K, used 167501K [0x0000000080000000, 0x0000000100000000)
  region size 1024K, 57 young (58368K), 1 survivors (1024K)
 Metaspace       used 92897K, committed 93824K, reserved 557056K
  class space    used 12854K, committed 13312K, reserved 425984K
}
Event: 26.042 GC heap after
{Heap after GC invocations=44 (full 0):
 garbage-first heap   total 233472K, used 114003K [0x0000000080000000, 0x0000000100000000)
  region size 1024K, 4 young (4096K), 4 survivors (4096K)
 Metaspace       used 92897K, committed 93824K, reserved 557056K
  class space    used 12854K, committed 13312K, reserved 425984K
}
Event: 27.179 GC heap before
{Heap before GC invocations=45 (full 0):
 garbage-first heap   total 233472K, used 182611K [0x0000000080000000, 0x0000000100000000)
  region size 1024K, 70 young (71680K), 4 survivors (4096K)
 Metaspace       used 97200K, committed 98176K, reserved 557056K
  class space    used 13612K, committed 14080K, reserved 425984K
}
Event: 27.187 GC heap after
{Heap after GC invocations=46 (full 0):
 garbage-first heap   total 233472K, used 115802K [0x0000000080000000, 0x0000000100000000)
  region size 1024K, 6 young (6144K), 6 survivors (6144K)
 Metaspace       used 97200K, committed 98176K, reserved 557056K
  class space    used 13612K, committed 14080K, reserved 425984K
}
Event: 27.239 GC heap before
{Heap before GC invocations=46 (full 0):
 garbage-first heap   total 233472K, used 120922K [0x0000000080000000, 0x0000000100000000)
  region size 1024K, 11 young (11264K), 6 survivors (6144K)
 Metaspace       used 97568K, committed 98496K, reserved 557056K
  class space    used 13643K, committed 14080K, reserved 425984K
}
Event: 27.248 GC heap after
{Heap after GC invocations=47 (full 0):
 garbage-first heap   total 233472K, used 116078K [0x0000000080000000, 0x0000000100000000)
  region size 1024K, 1 young (1024K), 1 survivors (1024K)
 Metaspace       used 97568K, committed 98496K, reserved 557056K
  class space    used 13643K, committed 14080K, reserved 425984K
}
Event: 28.527 GC heap before
{Heap before GC invocations=47 (full 0):
 garbage-first heap   total 233472K, used 185710K [0x0000000080000000, 0x0000000100000000)
  region size 1024K, 69 young (70656K), 1 survivors (1024K)
 Metaspace       used 100747K, committed 101760K, reserved 557056K
  class space    used 14054K, committed 14528K, reserved 425984K
}
Event: 28.536 GC heap after
{Heap after GC invocations=48 (full 0):
 garbage-first heap   total 233472K, used 119759K [0x0000000080000000, 0x0000000100000000)
  region size 1024K, 5 young (5120K), 5 survivors (5120K)
 Metaspace       used 100747K, committed 101760K, reserved 557056K
  class space    used 14054K, committed 14528K, reserved 425984K
}

