# JRE version: OpenJDK Runtime Environment Microsoft-8035246 (17.0.8+7) (build 17.0.8+7-LTS)
# Java VM: OpenJDK 64-Bit Server VM Microsoft-8035246 (17.0.8+7-LTS, mixed mode, sharing, tiered, compressed oops, compressed class ptrs, g1 gc, windows-amd64)
GC Precious Log:
 CPUs: 4 total, 4 available
 Memory: 16070M
 Large Page Support: Disabled
 NUMA Support: Disabled
 Compressed Oops: Enabled (32-bit)
 Heap Region Size: 1M
 Heap Min Capacity: 8M
 Heap Initial Capacity: 252M
 Heap Max Capacity: 2G
 Pre-touch: Disabled
 Parallel Workers: 4
 Concurrent Workers: 1
 Concurrent Refinement Workers: 4
 Periodic GC: Disabled
Heap:
 garbage-first heap   total 393216K, used 390162K [0x0000000080000000, 0x0000000100000000)
  region size 1024K, 1 young (1024K), 1 survivors (1024K)
 Metaspace       used 121253K, committed 122688K, reserved 557056K
  class space    used 16690K, committed 17408K, reserved 425984K
GC Heap History (20 events):
Event: 51.987 GC heap after
{Heap after GC invocations=59 (full 0):
 garbage-first heap   total 391168K, used 254367K [0x0000000080000000, 0x0000000100000000)
  region size 1024K, 5 young (5120K), 5 survivors (5120K)
 Metaspace       used 115290K, committed 116608K, reserved 557056K
  class space    used 16047K, committed 16640K, reserved 425984K
}
Event: 52.696 GC heap before
{Heap before GC invocations=59 (full 0):
 garbage-first heap   total 391168K, used 332191K [0x0000000080000000, 0x0000000100000000)
  region size 1024K, 82 young (83968K), 5 survivors (5120K)
 Metaspace       used 115320K, committed 116672K, reserved 557056K
  class space    used 16047K, committed 16640K, reserved 425984K
}
Event: 52.705 GC heap after
{Heap after GC invocations=60 (full 0):
 garbage-first heap   total 391168K, used 255951K [0x0000000080000000, 0x0000000100000000)
  region size 1024K, 6 young (6144K), 6 survivors (6144K)
 Metaspace       used 115320K, committed 116672K, reserved 557056K
  class space    used 16047K, committed 16640K, reserved 425984K
}
Event: 60.916 GC heap before
{Heap before GC invocations=60 (full 0):
 garbage-first heap   total 391168K, used 337871K [0x0000000080000000, 0x0000000100000000)
  region size 1024K, 82 young (83968K), 6 survivors (6144K)
 Metaspace       used 119013K, committed 120448K, reserved 557056K
  class space    used 16424K, committed 17152K, reserved 425984K
}
Event: 60.928 GC heap after
{Heap after GC invocations=61 (full 0):
 garbage-first heap   total 391168K, used 258610K [0x0000000080000000, 0x0000000100000000)
  region size 1024K, 7 young (7168K), 7 survivors (7168K)
 Metaspace       used 119013K, committed 120448K, reserved 557056K
  class space    used 16424K, committed 17152K, reserved 425984K
}
Event: 85.497 GC heap before
{Heap before GC invocations=61 (full 0):
 garbage-first heap   total 391168K, used 333362K [0x0000000080000000, 0x0000000100000000)
  region size 1024K, 81 young (82944K), 7 survivors (7168K)
 Metaspace       used 120620K, committed 122048K, reserved 557056K
  class space    used 16603K, committed 17280K, reserved 425984K
}
Event: 85.512 GC heap after
{Heap after GC invocations=62 (full 0):
 garbage-first heap   total 391168K, used 263582K [0x0000000080000000, 0x0000000100000000)
  region size 1024K, 10 young (10240K), 10 survivors (10240K)
 Metaspace       used 120620K, committed 122048K, reserved 557056K
  class space    used 16603K, committed 17280K, reserved 425984K
}
Event: 85.588 GC heap before
{Heap before GC invocations=62 (full 0):
 garbage-first heap   total 391168K, used 267678K [0x0000000080000000, 0x0000000100000000)
  region size 1024K, 15 young (15360K), 10 survivors (10240K)
 Metaspace       used 121076K, committed 122496K, reserved 557056K
  class space    used 16671K, committed 17344K, reserved 425984K
}
Event: 85.599 GC heap after
{Heap after GC invocations=63 (full 0):
 garbage-first heap   total 391168K, used 264246K [0x0000000080000000, 0x0000000100000000)
  region size 1024K, 2 young (2048K), 2 survivors (2048K)
 Metaspace       used 121076K, committed 122496K, reserved 557056K
  class space    used 16671K, committed 17344K, reserved 425984K
}
Event: 85.998 GC heap before
{Heap before GC invocations=63 (full 0):
 garbage-first heap   total 391168K, used 380982K [0x0000000080000000, 0x0000000100000000)
  region size 1024K, 8 young (8192K), 2 survivors (2048K)
 Metaspace       used 121253K, committed 122688K, reserved 557056K
  class space    used 16690K, committed 17408K, reserved 425984K
}
Event: 86.001 GC heap after
{Heap after GC invocations=64 (full 0):
 garbage-first heap   total 391168K, used 373597K [0x0000000080000000, 0x0000000100000000)
  region size 1024K, 4 young (4096K), 4 survivors (4096K)
 Metaspace       used 121253K, committed 122688K, reserved 557056K
  class space    used 16690K, committed 17408K, reserved 425984K
}
Event: 86.020 GC heap before
{Heap before GC invocations=64 (full 0):
 garbage-first heap   total 391168K, used 382813K [0x0000000080000000, 0x0000000100000000)
  region size 1024K, 5 young (5120K), 4 survivors (4096K)
 Metaspace       used 121253K, committed 122688K, reserved 557056K
  class space    used 16690K, committed 17408K, reserved 425984K
}
Event: 86.022 GC heap after
{Heap after GC invocations=65 (full 0):
 garbage-first heap   total 391168K, used 382753K [0x0000000080000000, 0x0000000100000000)
  region size 1024K, 1 young (1024K), 1 survivors (1024K)
 Metaspace       used 121253K, committed 122688K, reserved 557056K
  class space    used 16690K, committed 17408K, reserved 425984K
}
Event: 86.038 GC heap before
{Heap before GC invocations=65 (full 0):
 garbage-first heap   total 393216K, used 388897K [0x0000000080000000, 0x0000000100000000)
  region size 1024K, 2 young (2048K), 1 survivors (1024K)
 Metaspace       used 121253K, committed 122688K, reserved 557056K
  class space    used 16690K, committed 17408K, reserved 425984K
}
Event: 86.039 GC heap after
{Heap after GC invocations=66 (full 0):
 garbage-first heap   total 393216K, used 389130K [0x0000000080000000, 0x0000000100000000)
  region size 1024K, 1 young (1024K), 1 survivors (1024K)
 Metaspace       used 121253K, committed 122688K, reserved 557056K
  class space    used 16690K, committed 17408K, reserved 425984K
}
Event: 86.041 GC heap before
{Heap before GC invocations=66 (full 0):
 garbage-first heap   total 393216K, used 389130K [0x0000000080000000, 0x0000000100000000)
  region size 1024K, 2 young (2048K), 1 survivors (1024K)
 Metaspace       used 121253K, committed 122688K, reserved 557056K
  class space    used 16690K, committed 17408K, reserved 425984K
}
Event: 86.042 GC heap after
{Heap after GC invocations=67 (full 0):
 garbage-first heap   total 393216K, used 389143K [0x0000000080000000, 0x0000000100000000)
  region size 1024K, 1 young (1024K), 1 survivors (1024K)
 Metaspace       used 121253K, committed 122688K, reserved 557056K
  class space    used 16690K, committed 17408K, reserved 425984K
}
Event: 86.044 GC heap before
{Heap before GC invocations=67 (full 0):
 garbage-first heap   total 393216K, used 390167K [0x0000000080000000, 0x0000000100000000)
  region size 1024K, 1 young (1024K), 1 survivors (1024K)
 Metaspace       used 121253K, committed 122688K, reserved 557056K
  class space    used 16690K, committed 17408K, reserved 425984K
}
Event: 86.045 GC heap after
{Heap after GC invocations=68 (full 0):
 garbage-first heap   total 393216K, used 390162K [0x0000000080000000, 0x0000000100000000)
  region size 1024K, 1 young (1024K), 1 survivors (1024K)
 Metaspace       used 121253K, committed 122688K, reserved 557056K
  class space    used 16690K, committed 17408K, reserved 425984K
}
Event: 86.048 GC heap before
{Heap before GC invocations=68 (full 0):
 garbage-first heap   total 393216K, used 390162K [0x0000000080000000, 0x0000000100000000)
  region size 1024K, 1 young (1024K), 1 survivors (1024K)
 Metaspace       used 121253K, committed 122688K, reserved 557056K
  class space    used 16690K, committed 17408K, reserved 425984K
}

