# JRE version: OpenJDK Runtime Environment Microsoft-8035246 (17.0.8+7) (build 17.0.8+7-LTS)
# Java VM: OpenJDK 64-Bit Server VM Microsoft-8035246 (17.0.8+7-LTS, mixed mode, sharing, tiered, compressed oops, compressed class ptrs, g1 gc, windows-amd64)
GC Precious Log:
 CPUs: 4 total, 4 available
 Memory: 16070M
 Large Page Support: Disabled
 NUMA Support: Disabled
 Compressed Oops: Enabled (32-bit)
 Heap Region Size: 1M
 Heap Min Capacity: 8M
 Heap Initial Capacity: 252M
 Heap Max Capacity: 2G
 Pre-touch: Disabled
 Parallel Workers: 4
 Concurrent Workers: 1
 Concurrent Refinement Workers: 4
 Periodic GC: Disabled
Heap:
 garbage-first heap   total 425984K, used 422719K [0x0000000080000000, 0x0000000100000000)
  region size 1024K, 2 young (2048K), 2 survivors (2048K)
 Metaspace       used 163983K, committed 165696K, reserved 622592K
  class space    used 22107K, committed 22912K, reserved 425984K
GC Heap History (20 events):
Event: 78.055 GC heap after
{Heap after GC invocations=70 (full 0):
 garbage-first heap   total 418816K, used 292894K [0x0000000080000000, 0x0000000100000000)
  region size 1024K, 5 young (5120K), 5 survivors (5120K)
 Metaspace       used 158290K, committed 159808K, reserved 622592K
  class space    used 21444K, committed 22144K, reserved 425984K
}
Event: 79.667 GC heap before
{Heap before GC invocations=70 (full 0):
 garbage-first heap   total 418816K, used 361502K [0x0000000080000000, 0x0000000100000000)
  region size 1024K, 73 young (74752K), 5 survivors (5120K)
 Metaspace       used 160186K, committed 161792K, reserved 622592K
  class space    used 21653K, committed 22400K, reserved 425984K
}
Event: 79.680 GC heap after
{Heap after GC invocations=71 (full 0):
 garbage-first heap   total 418816K, used 296827K [0x0000000080000000, 0x0000000100000000)
  region size 1024K, 9 young (9216K), 9 survivors (9216K)
 Metaspace       used 160186K, committed 161792K, reserved 622592K
  class space    used 21653K, committed 22400K, reserved 425984K
}
Event: 80.600 GC heap before
{Heap before GC invocations=71 (full 0):
 garbage-first heap   total 418816K, used 361339K [0x0000000080000000, 0x0000000100000000)
  region size 1024K, 72 young (73728K), 9 survivors (9216K)
 Metaspace       used 160550K, committed 162176K, reserved 622592K
  class space    used 21688K, committed 22464K, reserved 425984K
}
Event: 80.613 GC heap after
{Heap after GC invocations=72 (full 0):
 garbage-first heap   total 418816K, used 296992K [0x0000000080000000, 0x0000000100000000)
  region size 1024K, 2 young (2048K), 2 survivors (2048K)
 Metaspace       used 160550K, committed 162176K, reserved 622592K
  class space    used 21688K, committed 22464K, reserved 425984K
}
Event: 85.558 GC heap before
{Heap before GC invocations=72 (full 0):
 garbage-first heap   total 418816K, used 362528K [0x0000000080000000, 0x0000000100000000)
  region size 1024K, 67 young (68608K), 2 survivors (2048K)
 Metaspace       used 161374K, committed 163072K, reserved 622592K
  class space    used 21797K, committed 22592K, reserved 425984K
}
Event: 85.563 GC heap after
{Heap after GC invocations=73 (full 0):
 garbage-first heap   total 418816K, used 298333K [0x0000000080000000, 0x0000000100000000)
  region size 1024K, 3 young (3072K), 3 survivors (3072K)
 Metaspace       used 161374K, committed 163072K, reserved 622592K
  class space    used 21797K, committed 22592K, reserved 425984K
}
Event: 110.080 GC heap before
{Heap before GC invocations=73 (full 0):
 garbage-first heap   total 418816K, used 363869K [0x0000000080000000, 0x0000000100000000)
  region size 1024K, 68 young (69632K), 3 survivors (3072K)
 Metaspace       used 162562K, committed 164224K, reserved 622592K
  class space    used 21926K, committed 22720K, reserved 425984K
}
Event: 110.086 GC heap after
{Heap after GC invocations=74 (full 0):
 garbage-first heap   total 418816K, used 298776K [0x0000000080000000, 0x0000000100000000)
  region size 1024K, 4 young (4096K), 4 survivors (4096K)
 Metaspace       used 162562K, committed 164224K, reserved 622592K
  class space    used 21926K, committed 22720K, reserved 425984K
}
Event: 145.174 GC heap before
{Heap before GC invocations=74 (full 0):
 garbage-first heap   total 418816K, used 377624K [0x0000000080000000, 0x0000000100000000)
  region size 1024K, 63 young (64512K), 4 survivors (4096K)
 Metaspace       used 163952K, committed 165632K, reserved 622592K
  class space    used 22104K, committed 22912K, reserved 425984K
}
Event: 145.186 GC heap after
{Heap after GC invocations=75 (full 0):
 garbage-first heap   total 418816K, used 323420K [0x0000000080000000, 0x0000000100000000)
  region size 1024K, 8 young (8192K), 8 survivors (8192K)
 Metaspace       used 163952K, committed 165632K, reserved 622592K
  class space    used 22104K, committed 22912K, reserved 425984K
}
Event: 145.399 GC heap before
{Heap before GC invocations=75 (full 0):
 garbage-first heap   total 418816K, used 408412K [0x0000000080000000, 0x0000000100000000)
  region size 1024K, 10 young (10240K), 8 survivors (8192K)
 Metaspace       used 163983K, committed 165696K, reserved 622592K
  class space    used 22107K, committed 22912K, reserved 425984K
}
Event: 145.408 GC heap after
{Heap after GC invocations=76 (full 0):
 garbage-first heap   total 420864K, used 410034K [0x0000000080000000, 0x0000000100000000)
  region size 1024K, 2 young (2048K), 2 survivors (2048K)
 Metaspace       used 163983K, committed 165696K, reserved 622592K
  class space    used 22107K, committed 22912K, reserved 425984K
}
Event: 145.431 GC heap before
{Heap before GC invocations=76 (full 0):
 garbage-first heap   total 420864K, used 416178K [0x0000000080000000, 0x0000000100000000)
  region size 1024K, 3 young (3072K), 2 survivors (2048K)
 Metaspace       used 163983K, committed 165696K, reserved 622592K
  class space    used 22107K, committed 22912K, reserved 425984K
}
Event: 145.432 GC heap after
{Heap after GC invocations=77 (full 0):
 garbage-first heap   total 420864K, used 415752K [0x0000000080000000, 0x0000000100000000)
  region size 1024K, 2 young (2048K), 2 survivors (2048K)
 Metaspace       used 163983K, committed 165696K, reserved 622592K
  class space    used 22107K, committed 22912K, reserved 425984K
}
Event: 145.437 GC heap before
{Heap before GC invocations=77 (full 0):
 garbage-first heap   total 425984K, used 421896K [0x0000000080000000, 0x0000000100000000)
  region size 1024K, 3 young (3072K), 2 survivors (2048K)
 Metaspace       used 163983K, committed 165696K, reserved 622592K
  class space    used 22107K, committed 22912K, reserved 425984K
}
Event: 145.438 GC heap after
{Heap after GC invocations=78 (full 0):
 garbage-first heap   total 425984K, used 421730K [0x0000000080000000, 0x0000000100000000)
  region size 1024K, 2 young (2048K), 2 survivors (2048K)
 Metaspace       used 163983K, committed 165696K, reserved 622592K
  class space    used 22107K, committed 22912K, reserved 425984K
}
Event: 145.440 GC heap before
{Heap before GC invocations=78 (full 0):
 garbage-first heap   total 425984K, used 422754K [0x0000000080000000, 0x0000000100000000)
  region size 1024K, 2 young (2048K), 2 survivors (2048K)
 Metaspace       used 163983K, committed 165696K, reserved 622592K
  class space    used 22107K, committed 22912K, reserved 425984K
}
Event: 145.442 GC heap after
{Heap after GC invocations=79 (full 0):
 garbage-first heap   total 425984K, used 422721K [0x0000000080000000, 0x0000000100000000)
  region size 1024K, 2 young (2048K), 2 survivors (2048K)
 Metaspace       used 163983K, committed 165696K, reserved 622592K
  class space    used 22107K, committed 22912K, reserved 425984K
}
Event: 145.443 GC heap before
{Heap before GC invocations=79 (full 0):
 garbage-first heap   total 425984K, used 422721K [0x0000000080000000, 0x0000000100000000)
  region size 1024K, 2 young (2048K), 2 survivors (2048K)
 Metaspace       used 163983K, committed 165696K, reserved 622592K
  class space    used 22107K, committed 22912K, reserved 425984K
}

